# JRE version: Java(TM) SE Runtime Environment (8.0_111-b14) (build 1.8.0_111-b14)
# Java VM: Java HotSpot(TM) 64-Bit Server VM (25.111-b14 mixed mode linux-amd64 compressed oops)
Heap:
 PSYoungGen      total 111616K, used 9197K [0x00000000edb00000, 0x00000000f5e80000, 0x0000000100000000)
  eden space 102400K, 0% used [0x00000000edb00000,0x00000000edb00000,0x00000000f3f00000)
  from space 9216K, 99% used [0x00000000f4c80000,0x00000000f557b4e8,0x00000000f5580000)
  to   space 6144K, 0% used [0x00000000f5880000,0x00000000f5880000,0x00000000f5e80000)
 ParOldGen       total 37376K, used 11763K [0x00000000c9000000, 0x00000000cb480000, 0x00000000edb00000)
  object space 37376K, 31% used [0x00000000c9000000,0x00000000c9b7cd40,0x00000000cb480000)
 Metaspace       used 32178K, capacity 32694K, committed 33024K, reserved 1077248K
  class space    used 4423K, capacity 4582K, committed 4608K, reserved 1048576K
GC Heap History (10 events):
Event: 8,025 GC heap after
Heap after GC invocations=3 (full 0):
 PSYoungGen      total 31744K, used 2032K [0x00000000edb00000, 0x00000000f1900000, 0x0000000100000000)
  eden space 29696K, 0% used [0x00000000edb00000,0x00000000edb00000,0x00000000ef800000)
  from space 2048K, 99% used [0x00000000ef800000,0x00000000ef9fc050,0x00000000efa00000)
  to   space 2048K, 0% used [0x00000000f1700000,0x00000000f1700000,0x00000000f1900000)
 ParOldGen       total 38400K, used 4551K [0x00000000c9000000, 0x00000000cb580000, 0x00000000edb00000)
  object space 38400K, 11% used [0x00000000c9000000,0x00000000c9471d20,0x00000000cb580000)
 Metaspace       used 10336K, capacity 10604K, committed 10752K, reserved 1058816K
  class space    used 1430K, capacity 1512K, committed 1536K, reserved 1048576K
}
Event: 11,842 GC heap before
{Heap before GC invocations=4 (full 0):
 PSYoungGen      total 31744K, used 31728K [0x00000000edb00000, 0x00000000f1900000, 0x0000000100000000)
  eden space 29696K, 100% used [0x00000000edb00000,0x00000000ef800000,0x00000000ef800000)
  from space 2048K, 99% used [0x00000000ef800000,0x00000000ef9fc050,0x00000000efa00000)
  to   space 2048K, 0% used [0x00000000f1700000,0x00000000f1700000,0x00000000f1900000)
 ParOldGen       total 38400K, used 4551K [0x00000000c9000000, 0x00000000cb580000, 0x00000000edb00000)
  object space 38400K, 11% used [0x00000000c9000000,0x00000000c9471d20,0x00000000cb580000)
 Metaspace       used 16006K, capacity 16300K, committed 16384K, reserved 1062912K
  class space    used 2200K, capacity 2280K, committed 2304K, reserved 1048576K
Event: 12,062 GC heap after
Heap after GC invocations=4 (full 0):
 PSYoungGen      total 61440K, used 2032K [0x00000000edb00000, 0x00000000f1900000, 0x0000000100000000)
  eden space 59392K, 0% used [0x00000000edb00000,0x00000000edb00000,0x00000000f1500000)
  from space 2048K, 99% used [0x00000000f1700000,0x00000000f18fc030,0x00000000f1900000)
  to   space 2048K, 0% used [0x00000000f1500000,0x00000000f1500000,0x00000000f1700000)
 ParOldGen       total 38400K, used 10312K [0x00000000c9000000, 0x00000000cb580000, 0x00000000edb00000)
  object space 38400K, 26% used [0x00000000c9000000,0x00000000c9a122d0,0x00000000cb580000)
 Metaspace       used 16006K, capacity 16300K, committed 16384K, reserved 1062912K
  class space    used 2200K, capacity 2280K, committed 2304K, reserved 1048576K
}
Event: 18,478 GC heap before
{Heap before GC invocations=5 (full 0):
 PSYoungGen      total 61440K, used 49359K [0x00000000edb00000, 0x00000000f1900000, 0x0000000100000000)
  eden space 59392K, 79% used [0x00000000edb00000,0x00000000f0937d80,0x00000000f1500000)
  from space 2048K, 99% used [0x00000000f1700000,0x00000000f18fc030,0x00000000f1900000)
  to   space 2048K, 0% used [0x00000000f1500000,0x00000000f1500000,0x00000000f1700000)
 ParOldGen       total 38400K, used 10312K [0x00000000c9000000, 0x00000000cb580000, 0x00000000edb00000)
  object space 38400K, 26% used [0x00000000c9000000,0x00000000c9a122d0,0x00000000cb580000)
 Metaspace       used 20819K, capacity 21056K, committed 21248K, reserved 1067008K
  class space    used 2873K, capacity 2965K, committed 3072K, reserved 1048576K
Event: 18,584 GC heap after
Heap after GC invocations=5 (full 0):
 PSYoungGen      total 61440K, used 2036K [0x00000000edb00000, 0x00000000f6200000, 0x0000000100000000)
  eden space 59392K, 0% used [0x00000000edb00000,0x00000000edb00000,0x00000000f1500000)
  from space 2048K, 99% used [0x00000000f1500000,0x00000000f16fd020,0x00000000f1700000)
  to   space 9728K, 0% used [0x00000000f5880000,0x00000000f5880000,0x00000000f6200000)
 ParOldGen       total 38400K, used 15973K [0x00000000c9000000, 0x00000000cb580000, 0x00000000edb00000)
  object space 38400K, 41% used [0x00000000c9000000,0x00000000c9f997e8,0x00000000cb580000)
 Metaspace       used 20819K, capacity 21056K, committed 21248K, reserved 1067008K
  class space    used 2873K, capacity 2965K, committed 3072K, reserved 1048576K
}
Event: 18,584 GC heap before
{Heap before GC invocations=6 (full 1):
 PSYoungGen      total 61440K, used 2036K [0x00000000edb00000, 0x00000000f6200000, 0x0000000100000000)
  eden space 59392K, 0% used [0x00000000edb00000,0x00000000edb00000,0x00000000f1500000)
  from space 2048K, 99% used [0x00000000f1500000,0x00000000f16fd020,0x00000000f1700000)
  to   space 9728K, 0% used [0x00000000f5880000,0x00000000f5880000,0x00000000f6200000)
 ParOldGen       total 38400K, used 15973K [0x00000000c9000000, 0x00000000cb580000, 0x00000000edb00000)
  object space 38400K, 41% used [0x00000000c9000000,0x00000000c9f997e8,0x00000000cb580000)
 Metaspace       used 20819K, capacity 21056K, committed 21248K, reserved 1067008K
  class space    used 2873K, capacity 2965K, committed 3072K, reserved 1048576K
Event: 18,890 GC heap after
Heap after GC invocations=6 (full 1):
 PSYoungGen      total 61440K, used 0K [0x00000000edb00000, 0x00000000f6200000, 0x0000000100000000)
  eden space 59392K, 0% used [0x00000000edb00000,0x00000000edb00000,0x00000000f1500000)
  from space 2048K, 0% used [0x00000000f1500000,0x00000000f1500000,0x00000000f1700000)
  to   space 9728K, 0% used [0x00000000f5880000,0x00000000f5880000,0x00000000f6200000)
 ParOldGen       total 37376K, used 10629K [0x00000000c9000000, 0x00000000cb480000, 0x00000000edb00000)
  object space 37376K, 28% used [0x00000000c9000000,0x00000000c9a614f8,0x00000000cb480000)
 Metaspace       used 20819K, capacity 21056K, committed 21248K, reserved 1067008K
  class space    used 2873K, capacity 2965K, committed 3072K, reserved 1048576K
}
Event: 25,873 GC heap before
{Heap before GC invocations=7 (full 1):
 PSYoungGen      total 61440K, used 59392K [0x00000000edb00000, 0x00000000f6200000, 0x0000000100000000)
  eden space 59392K, 100% used [0x00000000edb00000,0x00000000f1500000,0x00000000f1500000)
  from space 2048K, 0% used [0x00000000f1500000,0x00000000f1500000,0x00000000f1700000)
  to   space 9728K, 0% used [0x00000000f5880000,0x00000000f5880000,0x00000000f6200000)
 ParOldGen       total 37376K, used 10629K [0x00000000c9000000, 0x00000000cb480000, 0x00000000edb00000)
  object space 37376K, 28% used [0x00000000c9000000,0x00000000c9a614f8,0x00000000cb480000)
 Metaspace       used 26262K, capacity 26720K, committed 26880K, reserved 1073152K
  class space    used 3683K, capacity 3830K, committed 3840K, reserved 1048576K
Event: 26,062 GC heap after
Heap after GC invocations=7 (full 1):
 PSYoungGen      total 108544K, used 5987K [0x00000000edb00000, 0x00000000f5e80000, 0x0000000100000000)
  eden space 102400K, 0% used [0x00000000edb00000,0x00000000edb00000,0x00000000f3f00000)
  from space 6144K, 97% used [0x00000000f5880000,0x00000000f5e58d98,0x00000000f5e80000)
  to   space 9216K, 0% used [0x00000000f4c80000,0x00000000f4c80000,0x00000000f5580000)
 ParOldGen       total 37376K, used 10637K [0x00000000c9000000, 0x00000000cb480000, 0x00000000edb00000)
  object space 37376K, 28% used [0x00000000c9000000,0x00000000c9a634f8,0x00000000cb480000)
 Metaspace       used 26262K, capacity 26720K, committed 26880K, reserved 1073152K
  class space    used 3683K, capacity 3830K, committed 3840K, reserved 1048576K
}
Event: 38,569 GC heap before
{Heap before GC invocations=8 (full 1):
 PSYoungGen      total 108544K, used 108387K [0x00000000edb00000, 0x00000000f5e80000, 0x0000000100000000)
  eden space 102400K, 100% used [0x00000000edb00000,0x00000000f3f00000,0x00000000f3f00000)
  from space 6144K, 97% used [0x00000000f5880000,0x00000000f5e58d98,0x00000000f5e80000)
  to   space 9216K, 0% used [0x00000000f4c80000,0x00000000f4c80000,0x00000000f5580000)
 ParOldGen       total 37376K, used 10637K [0x00000000c9000000, 0x00000000cb480000, 0x00000000edb00000)
  object space 37376K, 28% used [0x00000000c9000000,0x00000000c9a634f8,0x00000000cb480000)
 Metaspace       used 32178K, capacity 32694K, committed 33024K, reserved 1077248K
  class space    used 4423K, capacity 4582K, committed 4608K, reserved 1048576K

