# JRE version: Java(TM) SE Runtime Environment (8.0_111-b14) (build 1.8.0_111-b14)
# Java VM: Java HotSpot(TM) 64-Bit Server VM (25.111-b14 mixed mode linux-amd64 compressed oops)
Heap:
 PSYoungGen      total 109568K, used 9200K [0x00000000edb00000, 0x00000000f5e00000, 0x0000000100000000)
  eden space 100352K, 0% used [0x00000000edb00000,0x00000000edb00000,0x00000000f3d00000)
  from space 9216K, 99% used [0x00000000f4c00000,0x00000000f54fc010,0x00000000f5500000)
  to   space 6144K, 0% used [0x00000000f5800000,0x00000000f5800000,0x00000000f5e00000)
 ParOldGen       total 40448K, used 21639K [0x00000000c9000000, 0x00000000cb780000, 0x00000000edb00000)
  object space 40448K, 53% used [0x00000000c9000000,0x00000000ca521cd0,0x00000000cb780000)
 Metaspace       used 30608K, capacity 31590K, committed 31872K, reserved 1077248K
  class space    used 4252K, capacity 4668K, committed 4736K, reserved 1048576K
GC Heap History (10 events):
Event: 3,954 GC heap after
Heap after GC invocations=3 (full 0):
 PSYoungGen      total 31744K, used 2031K [0x00000000edb00000, 0x00000000f1900000, 0x0000000100000000)
  eden space 29696K, 0% used [0x00000000edb00000,0x00000000edb00000,0x00000000ef800000)
  from space 2048K, 99% used [0x00000000ef800000,0x00000000ef9fbc40,0x00000000efa00000)
  to   space 2048K, 0% used [0x00000000f1700000,0x00000000f1700000,0x00000000f1900000)
 ParOldGen       total 38400K, used 5886K [0x00000000c9000000, 0x00000000cb580000, 0x00000000edb00000)
  object space 38400K, 15% used [0x00000000c9000000,0x00000000c95bf950,0x00000000cb580000)
 Metaspace       used 10941K, capacity 11240K, committed 11392K, reserved 1058816K
  class space    used 1482K, capacity 1576K, committed 1664K, reserved 1048576K
}
Event: 5,475 GC heap before
{Heap before GC invocations=4 (full 0):
 PSYoungGen      total 31744K, used 31727K [0x00000000edb00000, 0x00000000f1900000, 0x0000000100000000)
  eden space 29696K, 100% used [0x00000000edb00000,0x00000000ef800000,0x00000000ef800000)
  from space 2048K, 99% used [0x00000000ef800000,0x00000000ef9fbc40,0x00000000efa00000)
  to   space 2048K, 0% used [0x00000000f1700000,0x00000000f1700000,0x00000000f1900000)
 ParOldGen       total 38400K, used 5886K [0x00000000c9000000, 0x00000000cb580000, 0x00000000edb00000)
  object space 38400K, 15% used [0x00000000c9000000,0x00000000c95bf950,0x00000000cb580000)
 Metaspace       used 16159K, capacity 16434K, committed 16640K, reserved 1062912K
  class space    used 2189K, capacity 2269K, committed 2304K, reserved 1048576K
Event: 5,616 GC heap after
Heap after GC invocations=4 (full 0):
 PSYoungGen      total 61440K, used 2016K [0x00000000edb00000, 0x00000000f1900000, 0x0000000100000000)
  eden space 59392K, 0% used [0x00000000edb00000,0x00000000edb00000,0x00000000f1500000)
  from space 2048K, 98% used [0x00000000f1700000,0x00000000f18f8020,0x00000000f1900000)
  to   space 2048K, 0% used [0x00000000f1500000,0x00000000f1500000,0x00000000f1700000)
 ParOldGen       total 38400K, used 10430K [0x00000000c9000000, 0x00000000cb580000, 0x00000000edb00000)
  object space 38400K, 27% used [0x00000000c9000000,0x00000000c9a2f8a0,0x00000000cb580000)
 Metaspace       used 16159K, capacity 16434K, committed 16640K, reserved 1062912K
  class space    used 2189K, capacity 2269K, committed 2304K, reserved 1048576K
}
Event: 8,515 GC heap before
{Heap before GC invocations=5 (full 0):
 PSYoungGen      total 61440K, used 49128K [0x00000000edb00000, 0x00000000f1900000, 0x0000000100000000)
  eden space 59392K, 79% used [0x00000000edb00000,0x00000000f0902140,0x00000000f1500000)
  from space 2048K, 98% used [0x00000000f1700000,0x00000000f18f8020,0x00000000f1900000)
  to   space 2048K, 0% used [0x00000000f1500000,0x00000000f1500000,0x00000000f1700000)
 ParOldGen       total 38400K, used 10430K [0x00000000c9000000, 0x00000000cb580000, 0x00000000edb00000)
  object space 38400K, 27% used [0x00000000c9000000,0x00000000c9a2f8a0,0x00000000cb580000)
 Metaspace       used 20789K, capacity 21102K, committed 21248K, reserved 1067008K
  class space    used 2829K, capacity 2978K, committed 3072K, reserved 1048576K
Event: 8,559 GC heap after
Heap after GC invocations=5 (full 0):
 PSYoungGen      total 61440K, used 2016K [0x00000000edb00000, 0x00000000f6100000, 0x0000000100000000)
  eden space 59392K, 0% used [0x00000000edb00000,0x00000000edb00000,0x00000000f1500000)
  from space 2048K, 98% used [0x00000000f1500000,0x00000000f16f8040,0x00000000f1700000)
  to   space 9216K, 0% used [0x00000000f5800000,0x00000000f5800000,0x00000000f6100000)
 ParOldGen       total 38400K, used 16196K [0x00000000c9000000, 0x00000000cb580000, 0x00000000edb00000)
  object space 38400K, 42% used [0x00000000c9000000,0x00000000c9fd1038,0x00000000cb580000)
 Metaspace       used 20789K, capacity 21102K, committed 21248K, reserved 1067008K
  class space    used 2829K, capacity 2978K, committed 3072K, reserved 1048576K
}
Event: 8,559 GC heap before
{Heap before GC invocations=6 (full 1):
 PSYoungGen      total 61440K, used 2016K [0x00000000edb00000, 0x00000000f6100000, 0x0000000100000000)
  eden space 59392K, 0% used [0x00000000edb00000,0x00000000edb00000,0x00000000f1500000)
  from space 2048K, 98% used [0x00000000f1500000,0x00000000f16f8040,0x00000000f1700000)
  to   space 9216K, 0% used [0x00000000f5800000,0x00000000f5800000,0x00000000f6100000)
 ParOldGen       total 38400K, used 16196K [0x00000000c9000000, 0x00000000cb580000, 0x00000000edb00000)
  object space 38400K, 42% used [0x00000000c9000000,0x00000000c9fd1038,0x00000000cb580000)
 Metaspace       used 20789K, capacity 21102K, committed 21248K, reserved 1067008K
  class space    used 2829K, capacity 2978K, committed 3072K, reserved 1048576K
Event: 8,737 GC heap after
Heap after GC invocations=6 (full 1):
 PSYoungGen      total 61440K, used 0K [0x00000000edb00000, 0x00000000f6100000, 0x0000000100000000)
  eden space 59392K, 0% used [0x00000000edb00000,0x00000000edb00000,0x00000000f1500000)
  from space 2048K, 0% used [0x00000000f1500000,0x00000000f1500000,0x00000000f1700000)
  to   space 9216K, 0% used [0x00000000f5800000,0x00000000f5800000,0x00000000f6100000)
 ParOldGen       total 40448K, used 14429K [0x00000000c9000000, 0x00000000cb780000, 0x00000000edb00000)
  object space 40448K, 35% used [0x00000000c9000000,0x00000000c9e177b0,0x00000000cb780000)
 Metaspace       used 20789K, capacity 21102K, committed 21248K, reserved 1067008K
  class space    used 2829K, capacity 2978K, committed 3072K, reserved 1048576K
}
Event: 12,253 GC heap before
{Heap before GC invocations=7 (full 1):
 PSYoungGen      total 61440K, used 59392K [0x00000000edb00000, 0x00000000f6100000, 0x0000000100000000)
  eden space 59392K, 100% used [0x00000000edb00000,0x00000000f1500000,0x00000000f1500000)
  from space 2048K, 0% used [0x00000000f1500000,0x00000000f1500000,0x00000000f1700000)
  to   space 9216K, 0% used [0x00000000f5800000,0x00000000f5800000,0x00000000f6100000)
 ParOldGen       total 40448K, used 14429K [0x00000000c9000000, 0x00000000cb780000, 0x00000000edb00000)
  object space 40448K, 35% used [0x00000000c9000000,0x00000000c9e177b0,0x00000000cb780000)
 Metaspace       used 25295K, capacity 25910K, committed 25984K, reserved 1071104K
  class space    used 3441K, capacity 3674K, committed 3712K, reserved 1048576K
Event: 12,292 GC heap after
Heap after GC invocations=7 (full 1):
 PSYoungGen      total 106496K, used 6111K [0x00000000edb00000, 0x00000000f5e00000, 0x0000000100000000)
  eden space 100352K, 0% used [0x00000000edb00000,0x00000000edb00000,0x00000000f3d00000)
  from space 6144K, 99% used [0x00000000f5800000,0x00000000f5df7d68,0x00000000f5e00000)
  to   space 9216K, 0% used [0x00000000f4c00000,0x00000000f4c00000,0x00000000f5500000)
 ParOldGen       total 40448K, used 14437K [0x00000000c9000000, 0x00000000cb780000, 0x00000000edb00000)
  object space 40448K, 35% used [0x00000000c9000000,0x00000000c9e197b0,0x00000000cb780000)
 Metaspace       used 25295K, capacity 25910K, committed 25984K, reserved 1071104K
  class space    used 3441K, capacity 3674K, committed 3712K, reserved 1048576K
}
Event: 22,138 GC heap before
{Heap before GC invocations=8 (full 1):
 PSYoungGen      total 106496K, used 106463K [0x00000000edb00000, 0x00000000f5e00000, 0x0000000100000000)
  eden space 100352K, 100% used [0x00000000edb00000,0x00000000f3d00000,0x00000000f3d00000)
  from space 6144K, 99% used [0x00000000f5800000,0x00000000f5df7d68,0x00000000f5e00000)
  to   space 9216K, 0% used [0x00000000f4c00000,0x00000000f4c00000,0x00000000f5500000)
 ParOldGen       total 40448K, used 14437K [0x00000000c9000000, 0x00000000cb780000, 0x00000000edb00000)
  object space 40448K, 35% used [0x00000000c9000000,0x00000000c9e197b0,0x00000000cb780000)
 Metaspace       used 30608K, capacity 31590K, committed 31872K, reserved 1077248K
  class space    used 4252K, capacity 4668K, committed 4736K, reserved 1048576K

